<?xml version="1.0" encoding="UTF-8"?>
<robot generator="Robot 7.3.2 (Python 3.12.3 on linux)" generated="2025-11-12T21:13:15.079371" rpa="false" schemaversion="5">
<suite id="s1" name="Varasto Web" source="/home/runner/work/ohtuvarasto25/ohtuvarasto25/src/tests/robot/varasto_web.robot">
<kw name="Open Browser And Go To Home" type="SETUP">
<kw name="Open Browser" owner="SeleniumLibrary">
<msg time="2025-11-12T21:13:15.191415" level="INFO">Opening browser 'headlesschrome' to base url 'http://127.0.0.1:5000'.</msg>
<msg time="2025-11-12T21:15:15.876120" level="WARN">Exception managing chrome: error sending request for url (https://googlechromelabs.github.io/chrome-for-testing/known-good-versions-with-downloads.json)</msg>
<arg>${SERVER_URL}</arg>
<arg>${BROWSER}</arg>
<doc>Opens a new browser instance to the optional ``url``.</doc>
<status status="PASS" start="2025-11-12T21:13:15.191177" elapsed="120.918543"/>
</kw>
<kw name="Set Selenium Speed" owner="SeleniumLibrary">
<arg>${DELAY}</arg>
<doc>Sets the delay that is waited after each Selenium command.</doc>
<status status="PASS" start="2025-11-12T21:15:16.110014" elapsed="0.001400"/>
</kw>
<kw name="Go To" owner="SeleniumLibrary">
<msg time="2025-11-12T21:15:16.111845" level="INFO">Opening url 'http://127.0.0.1:5000'</msg>
<arg>${SERVER_URL}</arg>
<doc>Navigates the current browser window to the provided ``url``.</doc>
<status status="PASS" start="2025-11-12T21:15:16.111615" elapsed="0.233810"/>
</kw>
<doc>Open browser and navigate to application</doc>
<status status="PASS" start="2025-11-12T21:13:15.190636" elapsed="121.154935"/>
</kw>
<test id="s1-t1" name="Application Starts And Shows Empty State" line="14">
<kw name="Go To Home Page" type="SETUP">
<kw name="Go To" owner="SeleniumLibrary">
<msg time="2025-11-12T21:15:16.346668" level="INFO">Opening url 'http://127.0.0.1:5000'</msg>
<arg>${SERVER_URL}</arg>
<doc>Navigates the current browser window to the provided ``url``.</doc>
<status status="PASS" start="2025-11-12T21:15:16.346528" elapsed="0.227899"/>
</kw>
<doc>Navigate to home page (resets state since app uses in-memory storage)</doc>
<status status="PASS" start="2025-11-12T21:15:16.346258" elapsed="0.228313"/>
</kw>
<kw name="Go To" owner="SeleniumLibrary">
<msg time="2025-11-12T21:15:16.574921" level="INFO">Opening url 'http://127.0.0.1:5000'</msg>
<arg>${SERVER_URL}</arg>
<doc>Navigates the current browser window to the provided ``url``.</doc>
<status status="PASS" start="2025-11-12T21:15:16.574729" elapsed="0.225455"/>
</kw>
<kw name="Page Should Contain" owner="SeleniumLibrary">
<msg time="2025-11-12T21:15:17.216582" level="INFO">Current page contains text 'Varastonhallintajärjestelmä'.</msg>
<arg>Varastonhallintajärjestelmä</arg>
<doc>Verifies that current page contains ``text``.</doc>
<status status="PASS" start="2025-11-12T21:15:16.800391" elapsed="0.416334"/>
</kw>
<kw name="Page Should Contain" owner="SeleniumLibrary">
<msg time="2025-11-12T21:15:18.300427" level="INFO" html="true">&lt;/td&gt;&lt;/tr&gt;&lt;tr&gt;&lt;td colspan="3"&gt;&lt;a href="selenium-screenshot-1.png"&gt;&lt;img src="selenium-screenshot-1.png" width="800px"&gt;&lt;/a&gt;</msg>
<msg time="2025-11-12T21:15:18.300615" level="FAIL">Page should have contained text 'Ei varastoja. Luo ensimmäinen varastosi!' but did not.</msg>
<arg>Ei varastoja. Luo ensimmäinen varastosi!</arg>
<doc>Verifies that current page contains ``text``.</doc>
<status status="FAIL" start="2025-11-12T21:15:17.216919" elapsed="1.084584">Page should have contained text 'Ei varastoja. Luo ensimmäinen varastosi!' but did not.</status>
</kw>
<kw name="Page Should Contain Element" owner="SeleniumLibrary">
<arg>xpath://a[contains(@href, '/new')]</arg>
<doc>Verifies that element ``locator`` is found on the current page.</doc>
<status status="NOT RUN" start="2025-11-12T21:15:18.301709" elapsed="0.000038"/>
</kw>
<doc>Verify that the application starts correctly with no warehouses</doc>
<status status="FAIL" start="2025-11-12T21:15:16.345665" elapsed="1.956250">Page should have contained text 'Ei varastoja. Luo ensimmäinen varastosi!' but did not.</status>
</test>
<test id="s1-t2" name="Navigate To Create Warehouse Page" line="21">
<kw name="Go To Home Page" type="SETUP">
<kw name="Go To" owner="SeleniumLibrary">
<msg time="2025-11-12T21:15:18.302913" level="INFO">Opening url 'http://127.0.0.1:5000'</msg>
<arg>${SERVER_URL}</arg>
<doc>Navigates the current browser window to the provided ``url``.</doc>
<status status="PASS" start="2025-11-12T21:15:18.302781" elapsed="0.230260"/>
</kw>
<doc>Navigate to home page (resets state since app uses in-memory storage)</doc>
<status status="PASS" start="2025-11-12T21:15:18.302551" elapsed="0.230658"/>
</kw>
<kw name="Go To" owner="SeleniumLibrary">
<msg time="2025-11-12T21:15:18.533551" level="INFO">Opening url 'http://127.0.0.1:5000'</msg>
<arg>${SERVER_URL}</arg>
<doc>Navigates the current browser window to the provided ``url``.</doc>
<status status="PASS" start="2025-11-12T21:15:18.533365" elapsed="0.228299"/>
</kw>
<kw name="Click Link" owner="SeleniumLibrary">
<msg time="2025-11-12T21:15:18.762454" level="INFO">Clicking link 'xpath://a[contains(@href, '/new')]'.</msg>
<arg>xpath://a[contains(@href, '/new')]</arg>
<doc>Clicks a link identified by ``locator``.</doc>
<status status="PASS" start="2025-11-12T21:15:18.761932" elapsed="0.689787"/>
</kw>
<kw name="Location Should Be" owner="SeleniumLibrary">
<msg time="2025-11-12T21:15:19.656775" level="INFO">Current location is 'http://127.0.0.1:5000/new'.</msg>
<arg>${SERVER_URL}/new</arg>
<doc>Verifies that the current URL is exactly ``url``.</doc>
<status status="PASS" start="2025-11-12T21:15:19.451928" elapsed="0.204984"/>
</kw>
<kw name="Page Should Contain" owner="SeleniumLibrary">
<msg time="2025-11-12T21:15:20.070200" level="INFO">Current page contains text 'Luo uusi varasto'.</msg>
<arg>Luo uusi varasto</arg>
<doc>Verifies that current page contains ``text``.</doc>
<status status="PASS" start="2025-11-12T21:15:19.657095" elapsed="0.413234"/>
</kw>
<kw name="Page Should Contain Element" owner="SeleniumLibrary">
<msg time="2025-11-12T21:15:20.283229" level="INFO">Current page contains element 'name:name'.</msg>
<arg>name:name</arg>
<doc>Verifies that element ``locator`` is found on the current page.</doc>
<status status="PASS" start="2025-11-12T21:15:20.070513" elapsed="0.212843"/>
</kw>
<kw name="Page Should Contain Element" owner="SeleniumLibrary">
<msg time="2025-11-12T21:15:20.493048" level="INFO">Current page contains element 'name:tilavuus'.</msg>
<arg>name:tilavuus</arg>
<doc>Verifies that element ``locator`` is found on the current page.</doc>
<status status="PASS" start="2025-11-12T21:15:20.283539" elapsed="0.209693"/>
</kw>
<kw name="Page Should Contain Element" owner="SeleniumLibrary">
<msg time="2025-11-12T21:15:20.702876" level="INFO">Current page contains element 'name:alku_saldo'.</msg>
<arg>name:alku_saldo</arg>
<doc>Verifies that element ``locator`` is found on the current page.</doc>
<status status="PASS" start="2025-11-12T21:15:20.493415" elapsed="0.209598"/>
</kw>
<doc>Verify navigation to warehouse creation page</doc>
<status status="PASS" start="2025-11-12T21:15:18.302177" elapsed="2.401053"/>
</test>
<test id="s1-t3" name="Create Single Warehouse Successfully" line="31">
<kw name="Go To Home Page" type="SETUP">
<kw name="Go To" owner="SeleniumLibrary">
<msg time="2025-11-12T21:15:20.704240" level="INFO">Opening url 'http://127.0.0.1:5000'</msg>
<arg>${SERVER_URL}</arg>
<doc>Navigates the current browser window to the provided ``url``.</doc>
<status status="PASS" start="2025-11-12T21:15:20.704090" elapsed="0.228929"/>
</kw>
<doc>Navigate to home page (resets state since app uses in-memory storage)</doc>
<status status="PASS" start="2025-11-12T21:15:20.703855" elapsed="0.229319"/>
</kw>
<kw name="Create Warehouse">
<kw name="Go To" owner="SeleniumLibrary">
<msg time="2025-11-12T21:15:20.933856" level="INFO">Opening url 'http://127.0.0.1:5000/new'</msg>
<arg>${SERVER_URL}/new</arg>
<doc>Navigates the current browser window to the provided ``url``.</doc>
<status status="PASS" start="2025-11-12T21:15:20.933710" elapsed="0.219220"/>
</kw>
<kw name="Input Text" owner="SeleniumLibrary">
<msg time="2025-11-12T21:15:21.153496" level="INFO">Typing text 'Testivarasto' into text field 'name:name'.</msg>
<arg>name:name</arg>
<arg>${name}</arg>
<doc>Types the given ``text`` into the text field identified by ``locator``.</doc>
<status status="PASS" start="2025-11-12T21:15:21.153223" elapsed="0.676475"/>
</kw>
<kw name="Input Text" owner="SeleniumLibrary">
<msg time="2025-11-12T21:15:21.830209" level="INFO">Typing text '100' into text field 'name:tilavuus'.</msg>
<arg>name:tilavuus</arg>
<arg>${capacity}</arg>
<doc>Types the given ``text`` into the text field identified by ``locator``.</doc>
<status status="PASS" start="2025-11-12T21:15:21.829913" elapsed="0.656476"/>
</kw>
<kw name="Input Text" owner="SeleniumLibrary">
<msg time="2025-11-12T21:15:22.486880" level="INFO">Typing text '50' into text field 'name:alku_saldo'.</msg>
<arg>name:alku_saldo</arg>
<arg>${initial_balance}</arg>
<doc>Types the given ``text`` into the text field identified by ``locator``.</doc>
<status status="PASS" start="2025-11-12T21:15:22.486603" elapsed="0.656761"/>
</kw>
<kw name="Click Button" owner="SeleniumLibrary">
<msg time="2025-11-12T21:15:23.143798" level="INFO">Clicking button 'Luo varasto'.</msg>
<arg>Luo varasto</arg>
<doc>Clicks the button identified by ``locator``.</doc>
<status status="PASS" start="2025-11-12T21:15:23.143578" elapsed="0.877300"/>
</kw>
<arg>Testivarasto</arg>
<arg>100</arg>
<arg>50</arg>
<doc>Create a new warehouse with given parameters</doc>
<status status="PASS" start="2025-11-12T21:15:20.933390" elapsed="3.087634"/>
</kw>
<kw name="Page Should Contain" owner="SeleniumLibrary">
<msg time="2025-11-12T21:15:24.435022" level="INFO">Current page contains text 'Testivarasto'.</msg>
<arg>Testivarasto</arg>
<doc>Verifies that current page contains ``text``.</doc>
<status status="PASS" start="2025-11-12T21:15:24.021202" elapsed="0.414008"/>
</kw>
<kw name="Page Should Contain" owner="SeleniumLibrary">
<msg time="2025-11-12T21:15:24.848881" level="INFO">Current page contains text 'Saldo:'.</msg>
<arg>Saldo:</arg>
<doc>Verifies that current page contains ``text``.</doc>
<status status="PASS" start="2025-11-12T21:15:24.435402" elapsed="0.413618"/>
</kw>
<kw name="Page Should Contain" owner="SeleniumLibrary">
<msg time="2025-11-12T21:15:25.262333" level="INFO">Current page contains text '50.00'.</msg>
<arg>50.00</arg>
<doc>Verifies that current page contains ``text``.</doc>
<status status="PASS" start="2025-11-12T21:15:24.849233" elapsed="0.413239"/>
</kw>
<kw name="Page Should Contain" owner="SeleniumLibrary">
<msg time="2025-11-12T21:15:25.675729" level="INFO">Current page contains text 'Tilavuus:'.</msg>
<arg>Tilavuus:</arg>
<doc>Verifies that current page contains ``text``.</doc>
<status status="PASS" start="2025-11-12T21:15:25.262659" elapsed="0.413201"/>
</kw>
<kw name="Page Should Contain" owner="SeleniumLibrary">
<msg time="2025-11-12T21:15:26.089388" level="INFO">Current page contains text '100.00'.</msg>
<arg>100.00</arg>
<doc>Verifies that current page contains ``text``.</doc>
<status status="PASS" start="2025-11-12T21:15:25.676044" elapsed="0.413477"/>
</kw>
<kw name="Page Should Contain" owner="SeleniumLibrary">
<msg time="2025-11-12T21:15:26.503621" level="INFO">Current page contains text 'Vapaana:'.</msg>
<arg>Vapaana:</arg>
<doc>Verifies that current page contains ``text``.</doc>
<status status="PASS" start="2025-11-12T21:15:26.089705" elapsed="0.414053"/>
</kw>
<kw name="Page Should Contain" owner="SeleniumLibrary">
<msg time="2025-11-12T21:15:26.914216" level="INFO">Current page contains text '50.00'.</msg>
<arg>50.00</arg>
<doc>Verifies that current page contains ``text``.</doc>
<status status="PASS" start="2025-11-12T21:15:26.503942" elapsed="0.410412"/>
</kw>
<doc>Create a warehouse and verify it appears in the list</doc>
<status status="PASS" start="2025-11-12T21:15:20.703475" elapsed="6.211057"/>
</test>
<test id="s1-t4" name="Create Multiple Warehouses" line="42">
<kw name="Go To Home Page" type="SETUP">
<kw name="Go To" owner="SeleniumLibrary">
<msg time="2025-11-12T21:15:26.915542" level="INFO">Opening url 'http://127.0.0.1:5000'</msg>
<arg>${SERVER_URL}</arg>
<doc>Navigates the current browser window to the provided ``url``.</doc>
<status status="PASS" start="2025-11-12T21:15:26.915411" elapsed="0.229565"/>
</kw>
<doc>Navigate to home page (resets state since app uses in-memory storage)</doc>
<status status="PASS" start="2025-11-12T21:15:26.915127" elapsed="0.229984"/>
</kw>
<kw name="Create Warehouse">
<kw name="Go To" owner="SeleniumLibrary">
<msg time="2025-11-12T21:15:27.145786" level="INFO">Opening url 'http://127.0.0.1:5000/new'</msg>
<arg>${SERVER_URL}/new</arg>
<doc>Navigates the current browser window to the provided ``url``.</doc>
<status status="PASS" start="2025-11-12T21:15:27.145648" elapsed="0.221121"/>
</kw>
<kw name="Input Text" owner="SeleniumLibrary">
<msg time="2025-11-12T21:15:27.367286" level="INFO">Typing text 'Mehuvarasto' into text field 'name:name'.</msg>
<arg>name:name</arg>
<arg>${name}</arg>
<doc>Types the given ``text`` into the text field identified by ``locator``.</doc>
<status status="PASS" start="2025-11-12T21:15:27.366977" elapsed="0.660815"/>
</kw>
<kw name="Input Text" owner="SeleniumLibrary">
<msg time="2025-11-12T21:15:28.028240" level="INFO">Typing text '100' into text field 'name:tilavuus'.</msg>
<arg>name:tilavuus</arg>
<arg>${capacity}</arg>
<doc>Types the given ``text`` into the text field identified by ``locator``.</doc>
<status status="PASS" start="2025-11-12T21:15:28.027976" elapsed="0.656343"/>
</kw>
<kw name="Input Text" owner="SeleniumLibrary">
<msg time="2025-11-12T21:15:28.684799" level="INFO">Typing text '20' into text field 'name:alku_saldo'.</msg>
<arg>name:alku_saldo</arg>
<arg>${initial_balance}</arg>
<doc>Types the given ``text`` into the text field identified by ``locator``.</doc>
<status status="PASS" start="2025-11-12T21:15:28.684531" elapsed="0.655611"/>
</kw>
<kw name="Click Button" owner="SeleniumLibrary">
<msg time="2025-11-12T21:15:29.340605" level="INFO">Clicking button 'Luo varasto'.</msg>
<arg>Luo varasto</arg>
<doc>Clicks the button identified by ``locator``.</doc>
<status status="PASS" start="2025-11-12T21:15:29.340391" elapsed="0.865978"/>
</kw>
<arg>Mehuvarasto</arg>
<arg>100</arg>
<arg>20</arg>
<doc>Create a new warehouse with given parameters</doc>
<status status="PASS" start="2025-11-12T21:15:27.145344" elapsed="3.061165"/>
</kw>
<kw name="Create Warehouse">
<kw name="Go To" owner="SeleniumLibrary">
<msg time="2025-11-12T21:15:30.207204" level="INFO">Opening url 'http://127.0.0.1:5000/new'</msg>
<arg>${SERVER_URL}/new</arg>
<doc>Navigates the current browser window to the provided ``url``.</doc>
<status status="PASS" start="2025-11-12T21:15:30.207031" elapsed="0.226058"/>
</kw>
<kw name="Input Text" owner="SeleniumLibrary">
<msg time="2025-11-12T21:15:30.433585" level="INFO">Typing text 'Olutvarasto' into text field 'name:name'.</msg>
<arg>name:name</arg>
<arg>${name}</arg>
<doc>Types the given ``text`` into the text field identified by ``locator``.</doc>
<status status="PASS" start="2025-11-12T21:15:30.433320" elapsed="0.663039"/>
</kw>
<kw name="Input Text" owner="SeleniumLibrary">
<msg time="2025-11-12T21:15:31.096843" level="INFO">Typing text '150' into text field 'name:tilavuus'.</msg>
<arg>name:tilavuus</arg>
<arg>${capacity}</arg>
<doc>Types the given ``text`` into the text field identified by ``locator``.</doc>
<status status="PASS" start="2025-11-12T21:15:31.096574" elapsed="0.656718"/>
</kw>
<kw name="Input Text" owner="SeleniumLibrary">
<msg time="2025-11-12T21:15:31.753768" level="INFO">Typing text '75' into text field 'name:alku_saldo'.</msg>
<arg>name:alku_saldo</arg>
<arg>${initial_balance}</arg>
<doc>Types the given ``text`` into the text field identified by ``locator``.</doc>
<status status="PASS" start="2025-11-12T21:15:31.753504" elapsed="0.657054"/>
</kw>
<kw name="Click Button" owner="SeleniumLibrary">
<msg time="2025-11-12T21:15:32.411001" level="INFO">Clicking button 'Luo varasto'.</msg>
<arg>Luo varasto</arg>
<doc>Clicks the button identified by ``locator``.</doc>
<status status="PASS" start="2025-11-12T21:15:32.410777" elapsed="0.866569"/>
</kw>
<arg>Olutvarasto</arg>
<arg>150</arg>
<arg>75</arg>
<doc>Create a new warehouse with given parameters</doc>
<status status="PASS" start="2025-11-12T21:15:30.206719" elapsed="3.070769"/>
</kw>
<kw name="Create Warehouse">
<kw name="Go To" owner="SeleniumLibrary">
<msg time="2025-11-12T21:15:33.278222" level="INFO">Opening url 'http://127.0.0.1:5000/new'</msg>
<arg>${SERVER_URL}/new</arg>
<doc>Navigates the current browser window to the provided ``url``.</doc>
<status status="PASS" start="2025-11-12T21:15:33.278037" elapsed="0.226193"/>
</kw>
<kw name="Input Text" owner="SeleniumLibrary">
<msg time="2025-11-12T21:15:33.504705" level="INFO">Typing text 'Maitovarasto' into text field 'name:name'.</msg>
<arg>name:name</arg>
<arg>${name}</arg>
<doc>Types the given ``text`` into the text field identified by ``locator``.</doc>
<status status="PASS" start="2025-11-12T21:15:33.504439" elapsed="0.661405"/>
</kw>
<kw name="Input Text" owner="SeleniumLibrary">
<msg time="2025-11-12T21:15:34.166356" level="INFO">Typing text '200' into text field 'name:tilavuus'.</msg>
<arg>name:tilavuus</arg>
<arg>${capacity}</arg>
<doc>Types the given ``text`` into the text field identified by ``locator``.</doc>
<status status="PASS" start="2025-11-12T21:15:34.166054" elapsed="0.662429"/>
</kw>
<kw name="Input Text" owner="SeleniumLibrary">
<msg time="2025-11-12T21:15:34.828968" level="INFO">Typing text '50' into text field 'name:alku_saldo'.</msg>
<arg>name:alku_saldo</arg>
<arg>${initial_balance}</arg>
<doc>Types the given ``text`` into the text field identified by ``locator``.</doc>
<status status="PASS" start="2025-11-12T21:15:34.828697" elapsed="0.656103"/>
</kw>
<kw name="Click Button" owner="SeleniumLibrary">
<msg time="2025-11-12T21:15:35.485273" level="INFO">Clicking button 'Luo varasto'.</msg>
<arg>Luo varasto</arg>
<doc>Clicks the button identified by ``locator``.</doc>
<status status="PASS" start="2025-11-12T21:15:35.485014" elapsed="0.866664"/>
</kw>
<arg>Maitovarasto</arg>
<arg>200</arg>
<arg>50</arg>
<doc>Create a new warehouse with given parameters</doc>
<status status="PASS" start="2025-11-12T21:15:33.277707" elapsed="3.074110"/>
</kw>
<kw name="Page Should Contain" owner="SeleniumLibrary">
<msg time="2025-11-12T21:15:37.432376" level="INFO" html="true">&lt;/td&gt;&lt;/tr&gt;&lt;tr&gt;&lt;td colspan="3"&gt;&lt;a href="selenium-screenshot-2.png"&gt;&lt;img src="selenium-screenshot-2.png" width="800px"&gt;&lt;/a&gt;</msg>
<msg time="2025-11-12T21:15:37.432537" level="FAIL">Page should have contained text 'Varastot (3)' but did not.</msg>
<arg>Varastot (3)</arg>
<doc>Verifies that current page contains ``text``.</doc>
<status status="FAIL" start="2025-11-12T21:15:36.351966" elapsed="1.080897">Page should have contained text 'Varastot (3)' but did not.</status>
</kw>
<kw name="Page Should Contain" owner="SeleniumLibrary">
<arg>Mehuvarasto</arg>
<doc>Verifies that current page contains ``text``.</doc>
<status status="NOT RUN" start="2025-11-12T21:15:37.433044" elapsed="0.000036"/>
</kw>
<kw name="Page Should Contain" owner="SeleniumLibrary">
<arg>Olutvarasto</arg>
<doc>Verifies that current page contains ``text``.</doc>
<status status="NOT RUN" start="2025-11-12T21:15:37.433181" elapsed="0.000024"/>
</kw>
<kw name="Page Should Contain" owner="SeleniumLibrary">
<arg>Maitovarasto</arg>
<doc>Verifies that current page contains ``text``.</doc>
<status status="NOT RUN" start="2025-11-12T21:15:37.433278" elapsed="0.000205"/>
</kw>
<doc>Create multiple warehouses and verify all are displayed</doc>
<status status="FAIL" start="2025-11-12T21:15:26.914764" elapsed="10.518874">Page should have contained text 'Varastot (3)' but did not.</status>
</test>
<test id="s1-t5" name="Create Warehouse With Zero Initial Balance" line="52">
<kw name="Go To Home Page" type="SETUP">
<kw name="Go To" owner="SeleniumLibrary">
<msg time="2025-11-12T21:15:37.434481" level="INFO">Opening url 'http://127.0.0.1:5000'</msg>
<arg>${SERVER_URL}</arg>
<doc>Navigates the current browser window to the provided ``url``.</doc>
<status status="PASS" start="2025-11-12T21:15:37.434366" elapsed="0.228415"/>
</kw>
<doc>Navigate to home page (resets state since app uses in-memory storage)</doc>
<status status="PASS" start="2025-11-12T21:15:37.434175" elapsed="0.228743"/>
</kw>
<kw name="Create Warehouse">
<kw name="Go To" owner="SeleniumLibrary">
<msg time="2025-11-12T21:15:37.663626" level="INFO">Opening url 'http://127.0.0.1:5000/new'</msg>
<arg>${SERVER_URL}/new</arg>
<doc>Navigates the current browser window to the provided ``url``.</doc>
<status status="PASS" start="2025-11-12T21:15:37.663483" elapsed="0.225687"/>
</kw>
<kw name="Input Text" owner="SeleniumLibrary">
<msg time="2025-11-12T21:15:37.889642" level="INFO">Typing text 'Tyhjä varasto' into text field 'name:name'.</msg>
<arg>name:name</arg>
<arg>${name}</arg>
<doc>Types the given ``text`` into the text field identified by ``locator``.</doc>
<status status="PASS" start="2025-11-12T21:15:37.889376" elapsed="0.661396"/>
</kw>
<kw name="Input Text" owner="SeleniumLibrary">
<msg time="2025-11-12T21:15:38.551285" level="INFO">Typing text '100' into text field 'name:tilavuus'.</msg>
<arg>name:tilavuus</arg>
<arg>${capacity}</arg>
<doc>Types the given ``text`` into the text field identified by ``locator``.</doc>
<status status="PASS" start="2025-11-12T21:15:38.550980" elapsed="0.656298"/>
</kw>
<kw name="Input Text" owner="SeleniumLibrary">
<msg time="2025-11-12T21:15:39.207761" level="INFO">Typing text '0' into text field 'name:alku_saldo'.</msg>
<arg>name:alku_saldo</arg>
<arg>${initial_balance}</arg>
<doc>Types the given ``text`` into the text field identified by ``locator``.</doc>
<status status="PASS" start="2025-11-12T21:15:39.207487" elapsed="0.655454"/>
</kw>
<kw name="Click Button" owner="SeleniumLibrary">
<msg time="2025-11-12T21:15:39.863386" level="INFO">Clicking button 'Luo varasto'.</msg>
<arg>Luo varasto</arg>
<doc>Clicks the button identified by ``locator``.</doc>
<status status="PASS" start="2025-11-12T21:15:39.863168" elapsed="0.865562"/>
</kw>
<arg>Tyhjä varasto</arg>
<arg>100</arg>
<arg>0</arg>
<doc>Create a new warehouse with given parameters</doc>
<status status="PASS" start="2025-11-12T21:15:37.663129" elapsed="3.065740"/>
</kw>
<kw name="Page Should Contain" owner="SeleniumLibrary">
<msg time="2025-11-12T21:15:41.144419" level="INFO">Current page contains text 'Tyhjä varasto'.</msg>
<arg>Tyhjä varasto</arg>
<doc>Verifies that current page contains ``text``.</doc>
<status status="PASS" start="2025-11-12T21:15:40.729022" elapsed="0.415535"/>
</kw>
<kw name="Page Should Contain" owner="SeleniumLibrary">
<msg time="2025-11-12T21:15:41.556693" level="INFO">Current page contains text 'Saldo:'.</msg>
<arg>Saldo:</arg>
<doc>Verifies that current page contains ``text``.</doc>
<status status="PASS" start="2025-11-12T21:15:41.144737" elapsed="0.412088"/>
</kw>
<kw name="Element Should Contain" owner="SeleniumLibrary">
<msg time="2025-11-12T21:15:42.000091" level="INFO">Element 'xpath://div[contains(., 'Tyhjä varasto')]//following::span[contains(., 'Saldo:')]/following-sibling::span' contains text '0.00'.</msg>
<arg>xpath://div[contains(., 'Tyhjä varasto')]//following::span[contains(., 'Saldo:')]/following-sibling::span</arg>
<arg>0.00</arg>
<doc>Verifies that element ``locator`` contains text ``expected``.</doc>
<status status="PASS" start="2025-11-12T21:15:41.557005" elapsed="0.443242"/>
</kw>
<doc>Verify warehouse can be created with zero initial balance</doc>
<status status="PASS" start="2025-11-12T21:15:37.433839" elapsed="4.566575"/>
</test>
<test id="s1-t6" name="Create Warehouse Validation - Empty Name" line="59">
<kw name="Go To Home Page" type="SETUP">
<kw name="Go To" owner="SeleniumLibrary">
<msg time="2025-11-12T21:15:42.001398" level="INFO">Opening url 'http://127.0.0.1:5000'</msg>
<arg>${SERVER_URL}</arg>
<doc>Navigates the current browser window to the provided ``url``.</doc>
<status status="PASS" start="2025-11-12T21:15:42.001262" elapsed="0.234224"/>
</kw>
<doc>Navigate to home page (resets state since app uses in-memory storage)</doc>
<status status="PASS" start="2025-11-12T21:15:42.001009" elapsed="0.234674"/>
</kw>
<kw name="Go To" owner="SeleniumLibrary">
<msg time="2025-11-12T21:15:42.236024" level="INFO">Opening url 'http://127.0.0.1:5000/new'</msg>
<arg>${SERVER_URL}/new</arg>
<doc>Navigates the current browser window to the provided ``url``.</doc>
<status status="PASS" start="2025-11-12T21:15:42.235832" elapsed="0.225803"/>
</kw>
<kw name="Input Text" owner="SeleniumLibrary">
<msg time="2025-11-12T21:15:42.462075" level="INFO">Typing text '100' into text field 'name:tilavuus'.</msg>
<arg>name:tilavuus</arg>
<arg>100</arg>
<doc>Types the given ``text`` into the text field identified by ``locator``.</doc>
<status status="PASS" start="2025-11-12T21:15:42.461848" elapsed="0.658443"/>
</kw>
<kw name="Input Text" owner="SeleniumLibrary">
<msg time="2025-11-12T21:15:43.120753" level="INFO">Typing text '0' into text field 'name:alku_saldo'.</msg>
<arg>name:alku_saldo</arg>
<arg>0</arg>
<doc>Types the given ``text`` into the text field identified by ``locator``.</doc>
<status status="PASS" start="2025-11-12T21:15:43.120515" elapsed="0.656757"/>
</kw>
<kw name="Click Button" owner="SeleniumLibrary">
<msg time="2025-11-12T21:15:43.777691" level="INFO">Clicking button 'Luo varasto'.</msg>
<arg>Luo varasto</arg>
<doc>Clicks the button identified by ``locator``.</doc>
<status status="PASS" start="2025-11-12T21:15:43.777484" elapsed="0.857605"/>
</kw>
<kw name="Page Should Contain" owner="SeleniumLibrary">
<msg time="2025-11-12T21:15:45.750910" level="INFO" html="true">&lt;/td&gt;&lt;/tr&gt;&lt;tr&gt;&lt;td colspan="3"&gt;&lt;a href="selenium-screenshot-3.png"&gt;&lt;img src="selenium-screenshot-3.png" width="800px"&gt;&lt;/a&gt;</msg>
<msg time="2025-11-12T21:15:45.751067" level="FAIL">Page should have contained text 'Nimi on pakollinen!' but did not.</msg>
<arg>Nimi on pakollinen!</arg>
<doc>Verifies that current page contains ``text``.</doc>
<status status="FAIL" start="2025-11-12T21:15:44.635325" elapsed="1.116086">Page should have contained text 'Nimi on pakollinen!' but did not.</status>
</kw>
<doc>Verify validation for empty warehouse name</doc>
<status status="FAIL" start="2025-11-12T21:15:42.000635" elapsed="3.750963">Page should have contained text 'Nimi on pakollinen!' but did not.</status>
</test>
<test id="s1-t7" name="Create Warehouse Validation - Zero Capacity" line="67">
<kw name="Go To Home Page" type="SETUP">
<kw name="Go To" owner="SeleniumLibrary">
<msg time="2025-11-12T21:15:45.752569" level="INFO">Opening url 'http://127.0.0.1:5000'</msg>
<arg>${SERVER_URL}</arg>
<doc>Navigates the current browser window to the provided ``url``.</doc>
<status status="PASS" start="2025-11-12T21:15:45.752430" elapsed="0.236027"/>
</kw>
<doc>Navigate to home page (resets state since app uses in-memory storage)</doc>
<status status="PASS" start="2025-11-12T21:15:45.752195" elapsed="0.236403"/>
</kw>
<kw name="Go To" owner="SeleniumLibrary">
<msg time="2025-11-12T21:15:45.988946" level="INFO">Opening url 'http://127.0.0.1:5000/new'</msg>
<arg>${SERVER_URL}/new</arg>
<doc>Navigates the current browser window to the provided ``url``.</doc>
<status status="PASS" start="2025-11-12T21:15:45.988749" elapsed="0.225024"/>
</kw>
<kw name="Input Text" owner="SeleniumLibrary">
<msg time="2025-11-12T21:15:46.214241" level="INFO">Typing text 'Testivarasto' into text field 'name:name'.</msg>
<arg>name:name</arg>
<arg>Testivarasto</arg>
<doc>Types the given ``text`` into the text field identified by ``locator``.</doc>
<status status="PASS" start="2025-11-12T21:15:46.213981" elapsed="0.663668"/>
</kw>
<kw name="Input Text" owner="SeleniumLibrary">
<msg time="2025-11-12T21:15:46.878080" level="INFO">Typing text '0' into text field 'name:tilavuus'.</msg>
<arg>name:tilavuus</arg>
<arg>0</arg>
<doc>Types the given ``text`` into the text field identified by ``locator``.</doc>
<status status="PASS" start="2025-11-12T21:15:46.877859" elapsed="0.655358"/>
</kw>
<kw name="Input Text" owner="SeleniumLibrary">
<msg time="2025-11-12T21:15:47.533657" level="INFO">Typing text '0' into text field 'name:alku_saldo'.</msg>
<arg>name:alku_saldo</arg>
<arg>0</arg>
<doc>Types the given ``text`` into the text field identified by ``locator``.</doc>
<status status="PASS" start="2025-11-12T21:15:47.533431" elapsed="0.655362"/>
</kw>
<kw name="Click Button" owner="SeleniumLibrary">
<msg time="2025-11-12T21:15:48.189258" level="INFO">Clicking button 'Luo varasto'.</msg>
<arg>Luo varasto</arg>
<doc>Clicks the button identified by ``locator``.</doc>
<status status="PASS" start="2025-11-12T21:15:48.189007" elapsed="0.865616"/>
</kw>
<kw name="Page Should Contain" owner="SeleniumLibrary">
<msg time="2025-11-12T21:15:49.470110" level="INFO">Current page contains text 'Tilavuuden pitää olla suurempi kuin 0!'.</msg>
<arg>Tilavuuden pitää olla suurempi kuin 0!</arg>
<doc>Verifies that current page contains ``text``.</doc>
<status status="PASS" start="2025-11-12T21:15:49.054834" elapsed="0.415462"/>
</kw>
<doc>Verify validation for zero capacity</doc>
<status status="PASS" start="2025-11-12T21:15:45.751820" elapsed="3.718641"/>
</test>
<test id="s1-t8" name="Create Warehouse Validation - Negative Capacity" line="76">
<kw name="Go To Home Page" type="SETUP">
<kw name="Go To" owner="SeleniumLibrary">
<msg time="2025-11-12T21:15:49.471474" level="INFO">Opening url 'http://127.0.0.1:5000'</msg>
<arg>${SERVER_URL}</arg>
<doc>Navigates the current browser window to the provided ``url``.</doc>
<status status="PASS" start="2025-11-12T21:15:49.471341" elapsed="0.231314"/>
</kw>
<doc>Navigate to home page (resets state since app uses in-memory storage)</doc>
<status status="PASS" start="2025-11-12T21:15:49.471097" elapsed="0.231708"/>
</kw>
<kw name="Go To" owner="SeleniumLibrary">
<msg time="2025-11-12T21:15:49.703190" level="INFO">Opening url 'http://127.0.0.1:5000/new'</msg>
<arg>${SERVER_URL}/new</arg>
<doc>Navigates the current browser window to the provided ``url``.</doc>
<status status="PASS" start="2025-11-12T21:15:49.702956" elapsed="0.225716"/>
</kw>
<kw name="Input Text" owner="SeleniumLibrary">
<msg time="2025-11-12T21:15:49.929097" level="INFO">Typing text 'Testivarasto' into text field 'name:name'.</msg>
<arg>name:name</arg>
<arg>Testivarasto</arg>
<doc>Types the given ``text`` into the text field identified by ``locator``.</doc>
<status status="PASS" start="2025-11-12T21:15:49.928879" elapsed="0.661668"/>
</kw>
<kw name="Input Text" owner="SeleniumLibrary">
<msg time="2025-11-12T21:15:50.591039" level="INFO">Typing text '-50' into text field 'name:tilavuus'.</msg>
<arg>name:tilavuus</arg>
<arg>-50</arg>
<doc>Types the given ``text`` into the text field identified by ``locator``.</doc>
<status status="PASS" start="2025-11-12T21:15:50.590806" elapsed="0.656441"/>
</kw>
<kw name="Input Text" owner="SeleniumLibrary">
<msg time="2025-11-12T21:15:51.247692" level="INFO">Typing text '0' into text field 'name:alku_saldo'.</msg>
<arg>name:alku_saldo</arg>
<arg>0</arg>
<doc>Types the given ``text`` into the text field identified by ``locator``.</doc>
<status status="PASS" start="2025-11-12T21:15:51.247465" elapsed="0.655732"/>
</kw>
<kw name="Click Button" owner="SeleniumLibrary">
<msg time="2025-11-12T21:15:51.903633" level="INFO">Clicking button 'Luo varasto'.</msg>
<arg>Luo varasto</arg>
<doc>Clicks the button identified by ``locator``.</doc>
<status status="PASS" start="2025-11-12T21:15:51.903410" elapsed="0.868236"/>
</kw>
<kw name="Page Should Contain" owner="SeleniumLibrary">
<msg time="2025-11-12T21:15:53.184440" level="INFO">Current page contains text 'Tilavuuden pitää olla suurempi kuin 0!'.</msg>
<arg>Tilavuuden pitää olla suurempi kuin 0!</arg>
<doc>Verifies that current page contains ``text``.</doc>
<status status="PASS" start="2025-11-12T21:15:52.771857" elapsed="0.412725"/>
</kw>
<doc>Verify validation for negative capacity</doc>
<status status="PASS" start="2025-11-12T21:15:49.470713" elapsed="3.714039"/>
</test>
<test id="s1-t9" name="Add Items To Warehouse" line="85">
<kw name="Go To Home Page" type="SETUP">
<kw name="Go To" owner="SeleniumLibrary">
<msg time="2025-11-12T21:15:53.185788" level="INFO">Opening url 'http://127.0.0.1:5000'</msg>
<arg>${SERVER_URL}</arg>
<doc>Navigates the current browser window to the provided ``url``.</doc>
<status status="PASS" start="2025-11-12T21:15:53.185656" elapsed="0.233189"/>
</kw>
<doc>Navigate to home page (resets state since app uses in-memory storage)</doc>
<status status="PASS" start="2025-11-12T21:15:53.185425" elapsed="0.233551"/>
</kw>
<kw name="Create Warehouse">
<kw name="Go To" owner="SeleniumLibrary">
<msg time="2025-11-12T21:15:53.419650" level="INFO">Opening url 'http://127.0.0.1:5000/new'</msg>
<arg>${SERVER_URL}/new</arg>
<doc>Navigates the current browser window to the provided ``url``.</doc>
<status status="PASS" start="2025-11-12T21:15:53.419513" elapsed="0.224903"/>
</kw>
<kw name="Input Text" owner="SeleniumLibrary">
<msg time="2025-11-12T21:15:53.644878" level="INFO">Typing text 'Testivarasto' into text field 'name:name'.</msg>
<arg>name:name</arg>
<arg>${name}</arg>
<doc>Types the given ``text`` into the text field identified by ``locator``.</doc>
<status status="PASS" start="2025-11-12T21:15:53.644621" elapsed="0.660978"/>
</kw>
<kw name="Input Text" owner="SeleniumLibrary">
<msg time="2025-11-12T21:15:54.306060" level="INFO">Typing text '100' into text field 'name:tilavuus'.</msg>
<arg>name:tilavuus</arg>
<arg>${capacity}</arg>
<doc>Types the given ``text`` into the text field identified by ``locator``.</doc>
<status status="PASS" start="2025-11-12T21:15:54.305802" elapsed="0.655036"/>
</kw>
<kw name="Input Text" owner="SeleniumLibrary">
<msg time="2025-11-12T21:15:54.961331" level="INFO">Typing text '20' into text field 'name:alku_saldo'.</msg>
<arg>name:alku_saldo</arg>
<arg>${initial_balance}</arg>
<doc>Types the given ``text`` into the text field identified by ``locator``.</doc>
<status status="PASS" start="2025-11-12T21:15:54.961040" elapsed="0.656231"/>
</kw>
<kw name="Click Button" owner="SeleniumLibrary">
<msg time="2025-11-12T21:15:55.617679" level="INFO">Clicking button 'Luo varasto'.</msg>
<arg>Luo varasto</arg>
<doc>Clicks the button identified by ``locator``.</doc>
<status status="PASS" start="2025-11-12T21:15:55.617474" elapsed="0.866449"/>
</kw>
<arg>Testivarasto</arg>
<arg>100</arg>
<arg>20</arg>
<doc>Create a new warehouse with given parameters</doc>
<status status="PASS" start="2025-11-12T21:15:53.419211" elapsed="3.064848"/>
</kw>
<kw name="Get Warehouse Balance">
<kw name="Set Variable" owner="BuiltIn">
<msg time="2025-11-12T21:15:56.484773" level="INFO">${warehouse_xpath} = xpath://div[contains(., 'Testivarasto')]//ancestor::div[contains(@class, 'warehouse-card')]</msg>
<var>${warehouse_xpath}</var>
<arg>xpath://div[contains(., '${warehouse_name}')]//ancestor::div[contains(@class, 'warehouse-card')]</arg>
<doc>Returns the given values which can then be assigned to a variables.</doc>
<status status="PASS" start="2025-11-12T21:15:56.484587" elapsed="0.000216"/>
</kw>
<kw name="Set Variable" owner="BuiltIn">
<msg time="2025-11-12T21:15:56.485021" level="INFO">${balance_xpath} = xpath://div[contains(., 'Testivarasto')]//ancestor::div[contains(@class, 'warehouse-card')]//span[contains(text(), 'Saldo:')]/following-sibling::span</msg>
<var>${balance_xpath}</var>
<arg>${warehouse_xpath}//span[contains(text(), 'Saldo:')]/following-sibling::span</arg>
<doc>Returns the given values which can then be assigned to a variables.</doc>
<status status="PASS" start="2025-11-12T21:15:56.484896" elapsed="0.000146"/>
</kw>
<kw name="Get Text" owner="SeleniumLibrary">
<msg time="2025-11-12T21:15:56.905610" level="INFO">${balance} = 0.00</msg>
<var>${balance}</var>
<arg>${balance_xpath}</arg>
<doc>Returns the text value of the element identified by ``locator``.</doc>
<status status="PASS" start="2025-11-12T21:15:56.485114" elapsed="0.420552"/>
</kw>
<return>
<value>${balance}</value>
<status status="PASS" start="2025-11-12T21:15:56.905766" elapsed="0.000076"/>
</return>
<msg time="2025-11-12T21:15:56.906017" level="INFO">${first_saldo} = 0.00</msg>
<var>${first_saldo}</var>
<arg>Testivarasto</arg>
<doc>Get current balance of specified warehouse</doc>
<status status="PASS" start="2025-11-12T21:15:56.484299" elapsed="0.421748"/>
</kw>
<kw name="Should Be Equal As Numbers" owner="BuiltIn">
<msg time="2025-11-12T21:15:56.906477" level="FAIL">0.0 != 20.0</msg>
<arg>${first_saldo}</arg>
<arg>20.00</arg>
<doc>Fails if objects are unequal after converting them to real numbers.</doc>
<status status="FAIL" start="2025-11-12T21:15:56.906215" elapsed="0.000330">0.0 != 20.0</status>
</kw>
<kw name="Add Items To Warehouse">
<arg>Testivarasto</arg>
<arg>30</arg>
<doc>Add items to specified warehouse</doc>
<status status="NOT RUN" start="2025-11-12T21:15:56.906710" elapsed="0.000030"/>
</kw>
<kw name="Get Warehouse Balance">
<var>${second_saldo}</var>
<arg>Testivarasto</arg>
<doc>Get current balance of specified warehouse</doc>
<status status="NOT RUN" start="2025-11-12T21:15:56.906865" elapsed="0.000223"/>
</kw>
<kw name="Should Be Equal As Numbers" owner="BuiltIn">
<arg>${second_saldo}</arg>
<arg>50.00</arg>
<doc>Fails if objects are unequal after converting them to real numbers.</doc>
<status status="NOT RUN" start="2025-11-12T21:15:56.907213" elapsed="0.000027"/>
</kw>
<doc>Add items to warehouse and verify balance updates</doc>
<status status="FAIL" start="2025-11-12T21:15:53.184986" elapsed="3.722381">0.0 != 20.0</status>
</test>
<test id="s1-t10" name="Add Items Until Full" line="94">
<kw name="Go To Home Page" type="SETUP">
<kw name="Go To" owner="SeleniumLibrary">
<msg time="2025-11-12T21:15:56.908176" level="INFO">Opening url 'http://127.0.0.1:5000'</msg>
<arg>${SERVER_URL}</arg>
<doc>Navigates the current browser window to the provided ``url``.</doc>
<status status="PASS" start="2025-11-12T21:15:56.908042" elapsed="0.234879"/>
</kw>
<doc>Navigate to home page (resets state since app uses in-memory storage)</doc>
<status status="PASS" start="2025-11-12T21:15:56.907849" elapsed="0.235207"/>
</kw>
<kw name="Create Warehouse">
<kw name="Go To" owner="SeleniumLibrary">
<msg time="2025-11-12T21:15:57.143720" level="INFO">Opening url 'http://127.0.0.1:5000/new'</msg>
<arg>${SERVER_URL}/new</arg>
<doc>Navigates the current browser window to the provided ``url``.</doc>
<status status="PASS" start="2025-11-12T21:15:57.143583" elapsed="0.224067"/>
</kw>
<kw name="Input Text" owner="SeleniumLibrary">
<msg time="2025-11-12T21:15:57.368115" level="INFO">Typing text 'Testivarasto' into text field 'name:name'.</msg>
<arg>name:name</arg>
<arg>${name}</arg>
<doc>Types the given ``text`` into the text field identified by ``locator``.</doc>
<status status="PASS" start="2025-11-12T21:15:57.367852" elapsed="0.663590"/>
</kw>
<kw name="Input Text" owner="SeleniumLibrary">
<msg time="2025-11-12T21:15:58.031904" level="INFO">Typing text '100' into text field 'name:tilavuus'.</msg>
<arg>name:tilavuus</arg>
<arg>${capacity}</arg>
<doc>Types the given ``text`` into the text field identified by ``locator``.</doc>
<status status="PASS" start="2025-11-12T21:15:58.031649" elapsed="0.657565"/>
</kw>
<kw name="Input Text" owner="SeleniumLibrary">
<msg time="2025-11-12T21:15:58.689680" level="INFO">Typing text '90' into text field 'name:alku_saldo'.</msg>
<arg>name:alku_saldo</arg>
<arg>${initial_balance}</arg>
<doc>Types the given ``text`` into the text field identified by ``locator``.</doc>
<status status="PASS" start="2025-11-12T21:15:58.689423" elapsed="0.656028"/>
</kw>
<kw name="Click Button" owner="SeleniumLibrary">
<msg time="2025-11-12T21:15:59.345863" level="INFO">Clicking button 'Luo varasto'.</msg>
<arg>Luo varasto</arg>
<doc>Clicks the button identified by ``locator``.</doc>
<status status="PASS" start="2025-11-12T21:15:59.345652" elapsed="0.866400"/>
</kw>
<arg>Testivarasto</arg>
<arg>100</arg>
<arg>90</arg>
<doc>Create a new warehouse with given parameters</doc>
<status status="PASS" start="2025-11-12T21:15:57.143283" elapsed="3.068947"/>
</kw>
<kw name="Add Items To Warehouse">
<kw name="Set Variable" owner="BuiltIn">
<msg time="2025-11-12T21:16:00.212964" level="INFO">${warehouse_xpath} = xpath://div[contains(., 'Testivarasto')]//ancestor::div[contains(@class, 'warehouse-card')]</msg>
<var>${warehouse_xpath}</var>
<arg>xpath://div[contains(., '${warehouse_name}')]//ancestor::div[contains(@class, 'warehouse-card')]</arg>
<doc>Returns the given values which can then be assigned to a variables.</doc>
<status status="PASS" start="2025-11-12T21:16:00.212729" elapsed="0.000267"/>
</kw>
<kw name="Set Variable" owner="BuiltIn">
<msg time="2025-11-12T21:16:00.213249" level="INFO">${form_xpath} = xpath://div[contains(., 'Testivarasto')]//ancestor::div[contains(@class, 'warehouse-card')]//form[contains(@action, '/add/')]</msg>
<var>${form_xpath}</var>
<arg>${warehouse_xpath}//form[contains(@action, '/add/')]</arg>
<doc>Returns the given values which can then be assigned to a variables.</doc>
<status status="PASS" start="2025-11-12T21:16:00.213091" elapsed="0.000183"/>
</kw>
<kw name="Input Text" owner="SeleniumLibrary">
<msg time="2025-11-12T21:16:00.213618" level="INFO">Typing text '20' into text field 'xpath://div[contains(., 'Testivarasto')]//ancestor::div[contains(@class, 'warehouse-card')]//form[contains(@action, '/add/')]//input[@name='maara']'.</msg>
<arg>${form_xpath}//input[@name='maara']</arg>
<arg>${amount}</arg>
<doc>Types the given ``text`` into the text field identified by ``locator``.</doc>
<status status="PASS" start="2025-11-12T21:16:00.213364" elapsed="0.665902"/>
</kw>
<kw name="Click Button" owner="SeleniumLibrary">
<msg time="2025-11-12T21:16:00.879744" level="INFO">Clicking button 'xpath://div[contains(., 'Testivarasto')]//ancestor::div[contains(@class, 'warehouse-card')]//form[contains(@action, '/add/')]//button'.</msg>
<arg>${form_xpath}//button</arg>
<doc>Clicks the button identified by ``locator``.</doc>
<status status="PASS" start="2025-11-12T21:16:00.879476" elapsed="7.642050"/>
</kw>
<arg>Testivarasto</arg>
<arg>20</arg>
<doc>Add items to specified warehouse</doc>
<status status="PASS" start="2025-11-12T21:16:00.212434" elapsed="8.309231"/>
</kw>
<kw name="Get Warehouse Balance">
<kw name="Set Variable" owner="BuiltIn">
<msg time="2025-11-12T21:16:08.522388" level="INFO">${warehouse_xpath} = xpath://div[contains(., 'Testivarasto')]//ancestor::div[contains(@class, 'warehouse-card')]</msg>
<var>${warehouse_xpath}</var>
<arg>xpath://div[contains(., '${warehouse_name}')]//ancestor::div[contains(@class, 'warehouse-card')]</arg>
<doc>Returns the given values which can then be assigned to a variables.</doc>
<status status="PASS" start="2025-11-12T21:16:08.522210" elapsed="0.000208"/>
</kw>
<kw name="Set Variable" owner="BuiltIn">
<msg time="2025-11-12T21:16:08.522609" level="INFO">${balance_xpath} = xpath://div[contains(., 'Testivarasto')]//ancestor::div[contains(@class, 'warehouse-card')]//span[contains(text(), 'Saldo:')]/following-sibling::span</msg>
<var>${balance_xpath}</var>
<arg>${warehouse_xpath}//span[contains(text(), 'Saldo:')]/following-sibling::span</arg>
<doc>Returns the given values which can then be assigned to a variables.</doc>
<status status="PASS" start="2025-11-12T21:16:08.522502" elapsed="0.000133"/>
</kw>
<kw name="Get Text" owner="SeleniumLibrary">
<msg time="2025-11-12T21:16:08.940370" level="INFO">${balance} = 20.00</msg>
<var>${balance}</var>
<arg>${balance_xpath}</arg>
<doc>Returns the text value of the element identified by ``locator``.</doc>
<status status="PASS" start="2025-11-12T21:16:08.522742" elapsed="0.417688"/>
</kw>
<return>
<value>${balance}</value>
<status status="PASS" start="2025-11-12T21:16:08.940525" elapsed="0.000065"/>
</return>
<msg time="2025-11-12T21:16:08.940751" level="INFO">${final_saldo} = 20.00</msg>
<var>${final_saldo}</var>
<arg>Testivarasto</arg>
<doc>Get current balance of specified warehouse</doc>
<status status="PASS" start="2025-11-12T21:16:08.521878" elapsed="0.418900"/>
</kw>
<kw name="Should Be Equal As Numbers" owner="BuiltIn">
<msg time="2025-11-12T21:16:08.941199" level="FAIL">20.0 != 100.0</msg>
<arg>${final_saldo}</arg>
<arg>100.00</arg>
<doc>Fails if objects are unequal after converting them to real numbers.</doc>
<status status="FAIL" start="2025-11-12T21:16:08.940913" elapsed="0.000362">20.0 != 100.0</status>
</kw>
<doc>Add items until warehouse is full</doc>
<status status="FAIL" start="2025-11-12T21:15:56.907569" elapsed="12.033841">20.0 != 100.0</status>
</test>
<test id="s1-t11" name="Remove Items From Warehouse" line="101">
<kw name="Go To Home Page" type="SETUP">
<kw name="Go To" owner="SeleniumLibrary">
<msg time="2025-11-12T21:16:08.942245" level="INFO">Opening url 'http://127.0.0.1:5000'</msg>
<arg>${SERVER_URL}</arg>
<doc>Navigates the current browser window to the provided ``url``.</doc>
<status status="PASS" start="2025-11-12T21:16:08.942123" elapsed="0.236071"/>
</kw>
<doc>Navigate to home page (resets state since app uses in-memory storage)</doc>
<status status="PASS" start="2025-11-12T21:16:08.941938" elapsed="0.236389"/>
</kw>
<kw name="Create Warehouse">
<kw name="Go To" owner="SeleniumLibrary">
<msg time="2025-11-12T21:16:09.178953" level="INFO">Opening url 'http://127.0.0.1:5000/new'</msg>
<arg>${SERVER_URL}/new</arg>
<doc>Navigates the current browser window to the provided ``url``.</doc>
<status status="PASS" start="2025-11-12T21:16:09.178819" elapsed="0.225446"/>
</kw>
<kw name="Input Text" owner="SeleniumLibrary">
<msg time="2025-11-12T21:16:09.404728" level="INFO">Typing text 'Testivarasto' into text field 'name:name'.</msg>
<msg time="2025-11-12T21:16:09.483027" level="WARN">Retrying (Retry(total=2, connect=None, read=None, redirect=None, status=None)) after connection broken by 'ConnectionResetError(104, 'Connection reset by peer')': /session/1634bce5d1f5b818906a7134e0dcb7a1/screenshot</msg>
<msg time="2025-11-12T21:16:09.483769" level="WARN">Retrying (Retry(total=1, connect=None, read=None, redirect=None, status=None)) after connection broken by 'NewConnectionError('&lt;urllib3.connection.HTTPConnection object at 0x7fc3d14707d0&gt;: Failed to establish a new connection: [Errno 111] Connection refused')': /session/1634bce5d1f5b818906a7134e0dcb7a1/screenshot</msg>
<msg time="2025-11-12T21:16:09.487849" level="WARN">Retrying (Retry(total=0, connect=None, read=None, redirect=None, status=None)) after connection broken by 'NewConnectionError('&lt;urllib3.connection.HTTPConnection object at 0x7fc3d1471ac0&gt;: Failed to establish a new connection: [Errno 111] Connection refused')': /session/1634bce5d1f5b818906a7134e0dcb7a1/screenshot</msg>
<msg time="2025-11-12T21:16:09.488455" level="WARN">Keyword 'Capture Page Screenshot' could not be run on failure: HTTPConnectionPool(host='localhost', port=42925): Max retries exceeded with url: /session/1634bce5d1f5b818906a7134e0dcb7a1/screenshot (Caused by NewConnectionError('&lt;urllib3.connection.HTTPConnection object at 0x7fc3d1472e40&gt;: Failed to establish a new connection: [Errno 111] Connection refused'))</msg>
<arg>name:name</arg>
<arg>${name}</arg>
<doc>Types the given ``text`` into the text field identified by ``locator``.</doc>
<status status="FAIL" start="2025-11-12T21:16:09.404467" elapsed="0.084129">Execution terminated by signal</status>
</kw>
<kw name="Input Text" owner="SeleniumLibrary">
<arg>name:tilavuus</arg>
<arg>${capacity}</arg>
<doc>Types the given ``text`` into the text field identified by ``locator``.</doc>
<status status="NOT RUN" start="2025-11-12T21:16:09.488807" elapsed="0.000052"/>
</kw>
<kw name="Input Text" owner="SeleniumLibrary">
<arg>name:alku_saldo</arg>
<arg>${initial_balance}</arg>
<doc>Types the given ``text`` into the text field identified by ``locator``.</doc>
<status status="NOT RUN" start="2025-11-12T21:16:09.489395" elapsed="0.000070"/>
</kw>
<kw name="Click Button" owner="SeleniumLibrary">
<arg>Luo varasto</arg>
<doc>Clicks the button identified by ``locator``.</doc>
<status status="NOT RUN" start="2025-11-12T21:16:09.489585" elapsed="0.000022"/>
</kw>
<arg>Testivarasto</arg>
<arg>100</arg>
<arg>50</arg>
<doc>Create a new warehouse with given parameters</doc>
<status status="FAIL" start="2025-11-12T21:16:09.178531" elapsed="0.311190">Execution terminated by signal</status>
</kw>
<kw name="Remove Items From Warehouse">
<arg>Testivarasto</arg>
<arg>20</arg>
<doc>Remove items from specified warehouse</doc>
<status status="NOT RUN" start="2025-11-12T21:16:09.489993" elapsed="0.000153"/>
</kw>
<kw name="Get Warehouse Balance">
<var>${new_saldo}</var>
<arg>Testivarasto</arg>
<doc>Get current balance of specified warehouse</doc>
<status status="NOT RUN" start="2025-11-12T21:16:09.490346" elapsed="0.000035"/>
</kw>
<kw name="Should Be Equal As Numbers" owner="BuiltIn">
<arg>${new_saldo}</arg>
<arg>30.00</arg>
<doc>Fails if objects are unequal after converting them to real numbers.</doc>
<status status="NOT RUN" start="2025-11-12T21:16:09.490498" elapsed="0.000033"/>
</kw>
<doc>Remove items from warehouse and verify balance updates</doc>
<status status="FAIL" start="2025-11-12T21:16:08.941610" elapsed="0.549059">Execution terminated by signal</status>
</test>
<test id="s1-t12" name="Remove All Items From Warehouse" line="108">
<doc>Remove all items from warehouse</doc>
<tag>robot:exit</tag>
<status status="FAIL" start="2025-11-12T21:16:09.490841" elapsed="0.000246">Test execution stopped due to a fatal error.</status>
</test>
<test id="s1-t13" name="Remove More Items Than Available" line="115">
<doc>Try to remove more items than available - should take all</doc>
<tag>robot:exit</tag>
<status status="FAIL" start="2025-11-12T21:16:09.491300" elapsed="0.000242">Test execution stopped due to a fatal error.</status>
</test>
<test id="s1-t14" name="Delete Warehouse" line="122">
<doc>Delete a warehouse and verify it's removed</doc>
<tag>robot:exit</tag>
<status status="FAIL" start="2025-11-12T21:16:09.491857" elapsed="0.000187">Test execution stopped due to a fatal error.</status>
</test>
<test id="s1-t15" name="Delete Warehouse With Confirmation" line="130">
<doc>Verify delete confirmation dialog</doc>
<tag>robot:exit</tag>
<status status="FAIL" start="2025-11-12T21:16:09.492169" elapsed="0.000191">Test execution stopped due to a fatal error.</status>
</test>
<test id="s1-t16" name="Multiple Operations On Same Warehouse" line="138">
<doc>Perform multiple operations on the same warehouse</doc>
<tag>robot:exit</tag>
<status status="FAIL" start="2025-11-12T21:16:09.492467" elapsed="0.000204">Test execution stopped due to a fatal error.</status>
</test>
<test id="s1-t17" name="Multiple Warehouses Independent Operations" line="151">
<doc>Verify operations on one warehouse don't affect others</doc>
<tag>robot:exit</tag>
<status status="FAIL" start="2025-11-12T21:16:09.492788" elapsed="0.000204">Test execution stopped due to a fatal error.</status>
</test>
<test id="s1-t18" name="Progress Bar Shows Correct Percentage" line="161">
<doc>Verify progress bar displays correct fill percentage</doc>
<tag>robot:exit</tag>
<status status="FAIL" start="2025-11-12T21:16:09.493095" elapsed="0.000213">Test execution stopped due to a fatal error.</status>
</test>
<test id="s1-t19" name="Free Space Calculation" line="167">
<doc>Verify free space is calculated correctly</doc>
<tag>robot:exit</tag>
<status status="FAIL" start="2025-11-12T21:16:09.493420" elapsed="0.000177">Test execution stopped due to a fatal error.</status>
</test>
<test id="s1-t20" name="Back Button From Create Page" line="173">
<doc>Verify back button works from create page</doc>
<tag>robot:exit</tag>
<status status="FAIL" start="2025-11-12T21:16:09.493701" elapsed="0.000180">Test execution stopped due to a fatal error.</status>
</test>
<test id="s1-t21" name="Success Message After Creating Warehouse" line="180">
<doc>Verify success message appears after creating warehouse</doc>
<tag>robot:exit</tag>
<status status="FAIL" start="2025-11-12T21:16:09.493989" elapsed="0.000228">Test execution stopped due to a fatal error.</status>
</test>
<test id="s1-t22" name="Success Message After Adding Items" line="189">
<doc>Verify success message appears after adding items</doc>
<tag>robot:exit</tag>
<status status="FAIL" start="2025-11-12T21:16:09.494327" elapsed="0.000193">Test execution stopped due to a fatal error.</status>
</test>
<test id="s1-t23" name="Success Message After Removing Items" line="197">
<doc>Verify success message appears after removing items</doc>
<tag>robot:exit</tag>
<status status="FAIL" start="2025-11-12T21:16:09.494725" elapsed="0.000203">Test execution stopped due to a fatal error.</status>
</test>
<test id="s1-t24" name="Create Warehouse With Decimal Values" line="205">
<doc>Verify decimal values work correctly</doc>
<tag>robot:exit</tag>
<status status="FAIL" start="2025-11-12T21:16:09.495035" elapsed="0.000212">Test execution stopped due to a fatal error.</status>
</test>
<test id="s1-t25" name="Add Decimal Amount" line="212">
<doc>Add decimal amount to warehouse</doc>
<tag>robot:exit</tag>
<status status="FAIL" start="2025-11-12T21:16:09.495354" elapsed="0.000170">Test execution stopped due to a fatal error.</status>
</test>
<test id="s1-t26" name="Page Title Is Correct" line="219">
<doc>Verify page titles are correct</doc>
<tag>robot:exit</tag>
<status status="FAIL" start="2025-11-12T21:16:09.495626" elapsed="0.000168">Test execution stopped due to a fatal error.</status>
</test>
<test id="s1-t27" name="CSS Styling Is Applied" line="226">
<doc>Verify CSS file is loaded and applied</doc>
<tag>robot:exit</tag>
<status status="FAIL" start="2025-11-12T21:16:09.495897" elapsed="0.000172">Test execution stopped due to a fatal error.</status>
</test>
<test id="s1-t28" name="Warehouse Count Display" line="232">
<doc>Verify warehouse count is displayed correctly</doc>
<tag>robot:exit</tag>
<status status="FAIL" start="2025-11-12T21:16:09.496187" elapsed="0.000181">Test execution stopped due to a fatal error.</status>
</test>
<test id="s1-t29" name="Create Button Visible When Warehouses Exist" line="241">
<doc>Verify create button is visible even when warehouses exist</doc>
<tag>robot:exit</tag>
<status status="FAIL" start="2025-11-12T21:16:09.496475" elapsed="0.000205">Test execution stopped due to a fatal error.</status>
</test>
<kw name="Close Browser" owner="SeleniumLibrary" type="TEARDOWN">
<msg time="2025-11-12T21:16:09.497795" level="WARN">Retrying (Retry(total=2, connect=None, read=None, redirect=None, status=None)) after connection broken by 'NewConnectionError('&lt;urllib3.connection.HTTPConnection object at 0x7fc3d148f260&gt;: Failed to establish a new connection: [Errno 111] Connection refused')': /session/1634bce5d1f5b818906a7134e0dcb7a1</msg>
<msg time="2025-11-12T21:16:09.498770" level="WARN">Retrying (Retry(total=1, connect=None, read=None, redirect=None, status=None)) after connection broken by 'NewConnectionError('&lt;urllib3.connection.HTTPConnection object at 0x7fc3d148f530&gt;: Failed to establish a new connection: [Errno 111] Connection refused')': /session/1634bce5d1f5b818906a7134e0dcb7a1</msg>
<msg time="2025-11-12T21:16:09.499587" level="WARN">Retrying (Retry(total=0, connect=None, read=None, redirect=None, status=None)) after connection broken by 'NewConnectionError('&lt;urllib3.connection.HTTPConnection object at 0x7fc3d1472fc0&gt;: Failed to establish a new connection: [Errno 111] Connection refused')': /session/1634bce5d1f5b818906a7134e0dcb7a1</msg>
<doc>Closes the current browser.</doc>
<status status="PASS" start="2025-11-12T21:16:09.497108" elapsed="0.002925"/>
</kw>
<doc>Comprehensive E2E tests for Varasto web application</doc>
<status status="FAIL" start="2025-11-12T21:13:15.080024" elapsed="174.420061"/>
</suite>
<statistics>
<total>
<stat pass="5" fail="24" skip="0">All Tests</stat>
</total>
<tag>
<stat info="combined" combined="NOT robot:exit" pass="5" fail="6" skip="0">NOT robot:exit</stat>
</tag>
<suite>
<stat name="Varasto Web" id="s1" pass="5" fail="24" skip="0">Varasto Web</stat>
</suite>
</statistics>
<errors>
<msg time="2025-11-12T21:13:15.077645" level="WARN">Error in file '/home/runner/work/ohtuvarasto25/ohtuvarasto25/src/tests/robot/varasto_web.robot' on line 295: The '[Return]' setting is deprecated. Use the 'RETURN' statement instead.</msg>
<msg time="2025-11-12T21:13:15.077808" level="WARN">Error in file '/home/runner/work/ohtuvarasto25/ohtuvarasto25/src/tests/robot/varasto_web.robot' on line 303: The '[Return]' setting is deprecated. Use the 'RETURN' statement instead.</msg>
<msg time="2025-11-12T21:13:15.077921" level="WARN">Error in file '/home/runner/work/ohtuvarasto25/ohtuvarasto25/src/tests/robot/varasto_web.robot' on line 311: The '[Return]' setting is deprecated. Use the 'RETURN' statement instead.</msg>
<msg time="2025-11-12T21:15:15.876120" level="WARN">Exception managing chrome: error sending request for url (https://googlechromelabs.github.io/chrome-for-testing/known-good-versions-with-downloads.json)</msg>
<msg time="2025-11-12T21:16:09.483027" level="WARN">Retrying (Retry(total=2, connect=None, read=None, redirect=None, status=None)) after connection broken by 'ConnectionResetError(104, 'Connection reset by peer')': /session/1634bce5d1f5b818906a7134e0dcb7a1/screenshot</msg>
<msg time="2025-11-12T21:16:09.483769" level="WARN">Retrying (Retry(total=1, connect=None, read=None, redirect=None, status=None)) after connection broken by 'NewConnectionError('&lt;urllib3.connection.HTTPConnection object at 0x7fc3d14707d0&gt;: Failed to establish a new connection: [Errno 111] Connection refused')': /session/1634bce5d1f5b818906a7134e0dcb7a1/screenshot</msg>
<msg time="2025-11-12T21:16:09.487849" level="WARN">Retrying (Retry(total=0, connect=None, read=None, redirect=None, status=None)) after connection broken by 'NewConnectionError('&lt;urllib3.connection.HTTPConnection object at 0x7fc3d1471ac0&gt;: Failed to establish a new connection: [Errno 111] Connection refused')': /session/1634bce5d1f5b818906a7134e0dcb7a1/screenshot</msg>
<msg time="2025-11-12T21:16:09.488455" level="WARN">Keyword 'Capture Page Screenshot' could not be run on failure: HTTPConnectionPool(host='localhost', port=42925): Max retries exceeded with url: /session/1634bce5d1f5b818906a7134e0dcb7a1/screenshot (Caused by NewConnectionError('&lt;urllib3.connection.HTTPConnection object at 0x7fc3d1472e40&gt;: Failed to establish a new connection: [Errno 111] Connection refused'))</msg>
<msg time="2025-11-12T21:16:09.497795" level="WARN">Retrying (Retry(total=2, connect=None, read=None, redirect=None, status=None)) after connection broken by 'NewConnectionError('&lt;urllib3.connection.HTTPConnection object at 0x7fc3d148f260&gt;: Failed to establish a new connection: [Errno 111] Connection refused')': /session/1634bce5d1f5b818906a7134e0dcb7a1</msg>
<msg time="2025-11-12T21:16:09.498770" level="WARN">Retrying (Retry(total=1, connect=None, read=None, redirect=None, status=None)) after connection broken by 'NewConnectionError('&lt;urllib3.connection.HTTPConnection object at 0x7fc3d148f530&gt;: Failed to establish a new connection: [Errno 111] Connection refused')': /session/1634bce5d1f5b818906a7134e0dcb7a1</msg>
<msg time="2025-11-12T21:16:09.499587" level="WARN">Retrying (Retry(total=0, connect=None, read=None, redirect=None, status=None)) after connection broken by 'NewConnectionError('&lt;urllib3.connection.HTTPConnection object at 0x7fc3d1472fc0&gt;: Failed to establish a new connection: [Errno 111] Connection refused')': /session/1634bce5d1f5b818906a7134e0dcb7a1</msg>
</errors>
</robot>
